<?xml version="1.0" encoding="UTF-8"?>
<!-- Generated by org.testng.reporters.JUnitReportReporter -->
<testsuite hostname="sai" failures="0" tests="1" name="testCase.Home" time="8.585" errors="0" timestamp="2024-08-02T00:49:18 IST" skipped="0">
  <testcase classname="testCase.Home" name="click_Loginbutton" time="8.585"/>
</testsuite> <!-- testCase.Home -->
