<?xml version="1.0" encoding="UTF-8"?>
<!-- Generated by org.testng.reporters.JUnitReportReporter -->
<testsuite hostname="sai" failures="0" tests="1" name="testCase.Login" time="0.056" errors="0" timestamp="2024-08-01T22:25:14 IST" skipped="0">
  <testcase classname="testCase.Login" name="login" time="0.056"/>
</testsuite> <!-- testCase.Login -->
